2018-12-17 13:41:31.920550: I tensorflow/core/platform/cpu_feature_guard.cc:141] Your CPU supports instructions that this TensorFlow binary was not compiled to use: AVX2 FMA
2018-12-17 13:41:32.110676: I tensorflow/core/common_runtime/gpu/gpu_device.cc:1432] Found device 0 with properties: 
name: Tesla K40m major: 3 minor: 5 memoryClockRate(GHz): 0.745
pciBusID: 0000:03:00.0
totalMemory: 11.17GiB freeMemory: 11.10GiB
2018-12-17 13:41:32.110753: I tensorflow/core/common_runtime/gpu/gpu_device.cc:1511] Adding visible gpu devices: 0
2018-12-17 13:41:32.401063: I tensorflow/core/common_runtime/gpu/gpu_device.cc:982] Device interconnect StreamExecutor with strength 1 edge matrix:
2018-12-17 13:41:32.401162: I tensorflow/core/common_runtime/gpu/gpu_device.cc:988]      0 
2018-12-17 13:41:32.401184: I tensorflow/core/common_runtime/gpu/gpu_device.cc:1001] 0:   N 
2018-12-17 13:41:32.401450: I tensorflow/core/common_runtime/gpu/gpu_device.cc:1115] Created TensorFlow device (/job:localhost/replica:0/task:0/device:GPU:0 with 10750 MB memory) -> physical GPU (device: 0, name: Tesla K40m, pci bus id: 0000:03:00.0, compute capability: 3.5)
_________________________________________________________________
Layer (type)                 Output Shape              Param #   
=================================================================
input_1 (InputLayer)         (None, 80, 80)            0         
_________________________________________________________________
reshape_1 (Reshape)          (None, 80, 80, 1)         0         
_________________________________________________________________
conv2d_1 (Conv2D)            (None, 16, 16, 10)        4000      
_________________________________________________________________
conv2d_2 (Conv2D)            (None, 4, 4, 20)          20000     
_________________________________________________________________
conv2d_3 (Conv2D)            (None, 2, 2, 40)          7200      
_________________________________________________________________
flatten_1 (Flatten)          (None, 160)               0         
_________________________________________________________________
dense_1 (Dense)              (None, 4)                 640       
=================================================================
Total params: 31,840
Trainable params: 31,840
Non-trainable params: 0
_________________________________________________________________
_________________________________________________________________
Layer (type)                 Output Shape              Param #   
=================================================================
input_1 (InputLayer)         (None, 80, 80)            0         
_________________________________________________________________
reshape_1 (Reshape)          (None, 80, 80, 1)         0         
_________________________________________________________________
conv2d_1 (Conv2D)            (None, 16, 16, 10)        4000      
_________________________________________________________________
conv2d_2 (Conv2D)            (None, 4, 4, 20)          20000     
_________________________________________________________________
conv2d_3 (Conv2D)            (None, 2, 2, 40)          7200      
_________________________________________________________________
flatten_1 (Flatten)          (None, 160)               0         
_________________________________________________________________
dense_1 (Dense)              (None, 4)                 640       
=================================================================
Total params: 31,840
Trainable params: 31,840
Non-trainable params: 0
_________________________________________________________________

Created new model with name 'cluster_test'
Starting training...
Epoch 1/1

  32/1559 [..............................] - ETA: 41s - loss: 0.8379
 320/1559 [=====>........................] - ETA: 3s - loss: -0.0854
 672/1559 [===========>..................] - ETA: 1s - loss: 0.0693 
1024/1559 [==================>...........] - ETA: 0s - loss: 6.0435e-04
1408/1559 [==========================>...] - ETA: 0s - loss: 0.0268    
1559/1559 [==============================] - 1s 704us/step - loss: 0.0126
Epoch 1/1

  32/1586 [..............................] - ETA: 0s - loss: 0.2134
 352/1586 [=====>........................] - ETA: 0s - loss: 0.0918
 704/1586 [============>.................] - ETA: 0s - loss: 0.0093
1056/1586 [==================>...........] - ETA: 0s - loss: -0.0181
1408/1586 [=========================>....] - ETA: 0s - loss: 0.0381 
1586/1586 [==============================] - 0s 159us/step - loss: 0.0444
Epoch 1/1

  32/1740 [..............................] - ETA: 0s - loss: -0.1014
 352/1740 [=====>........................] - ETA: 0s - loss: 0.0557 
 704/1740 [===========>..................] - ETA: 0s - loss: 0.0096
1056/1740 [=================>............] - ETA: 0s - loss: 4.5662e-06
1440/1740 [=======================>......] - ETA: 0s - loss: -0.0589   
1740/1740 [==============================] - 0s 153us/step - loss: -0.0017
iteration 2, elapsed time: 0:00:42, score: 0.0, best: 0.0
Epoch 1/1

  32/1892 [..............................] - ETA: 0s - loss: 0.0581
 384/1892 [=====>........................] - ETA: 0s - loss: -0.0781
 736/1892 [==========>...................] - ETA: 0s - loss: 0.0325 
1088/1892 [================>.............] - ETA: 0s - loss: 0.0079
1440/1892 [=====================>........] - ETA: 0s - loss: 0.0066
1792/1892 [===========================>..] - ETA: 0s - loss: -0.0181
1892/1892 [==============================] - 0s 154us/step - loss: -0.0013
Epoch 1/1

  32/2443 [..............................] - ETA: 0s - loss: 0.3499
 320/2443 [==>...........................] - ETA: 0s - loss: 0.0563
 672/2443 [=======>......................] - ETA: 0s - loss: 0.0456
1056/2443 [===========>..................] - ETA: 0s - loss: -0.0060
1440/2443 [================>.............] - ETA: 0s - loss: -0.0209
1824/2443 [=====================>........] - ETA: 0s - loss: -0.0031
2208/2443 [==========================>...] - ETA: 0s - loss: -0.0147
2443/2443 [==============================] - 0s 149us/step - loss: 0.0150
iteration 4, elapsed time: 0:01:17, score: 0.0, best: 0.0
Epoch 1/1

  32/2717 [..............................] - ETA: 0s - loss: 0.1976
 352/2717 [==>...........................] - ETA: 0s - loss: 0.0233
 704/2717 [======>.......................] - ETA: 0s - loss: 0.0485
1088/2717 [===========>..................] - ETA: 0s - loss: 0.0683
1472/2717 [===============>..............] - ETA: 0s - loss: 0.0391
1888/2717 [===================>..........] - ETA: 0s - loss: 0.0663
2304/2717 [========================>.....] - ETA: 0s - loss: 0.0794
2688/2717 [============================>.] - ETA: 0s - loss: 0.0796
2717/2717 [==============================] - 0s 142us/step - loss: 0.0796
Epoch 1/1

  32/2716 [..............................] - ETA: 0s - loss: -0.1777
 352/2716 [==>...........................] - ETA: 0s - loss: 0.0587 
 704/2716 [======>.......................] - ETA: 0s - loss: 0.0707
1088/2716 [===========>..................] - ETA: 0s - loss: 0.0889
1440/2716 [==============>...............] - ETA: 0s - loss: 0.0820
1792/2716 [==================>...........] - ETA: 0s - loss: 0.1029
2176/2716 [=======================>......] - ETA: 0s - loss: 0.0883
2592/2716 [===========================>..] - ETA: 0s - loss: 0.0920
2716/2716 [==============================] - 0s 141us/step - loss: 0.0919
iteration 6, elapsed time: 0:02:00, score: 0.0, best: 0.0
Epoch 1/1

  32/2539 [..............................] - ETA: 0s - loss: 0.2288
 384/2539 [===>..........................] - ETA: 0s - loss: 0.1413
 768/2539 [========>.....................] - ETA: 0s - loss: 0.1471
1120/2539 [============>.................] - ETA: 0s - loss: 0.0541
1472/2539 [================>.............] - ETA: 0s - loss: 0.0873
1824/2539 [====================>.........] - ETA: 0s - loss: 0.0931
2208/2539 [=========================>....] - ETA: 0s - loss: 0.1019
2539/2539 [==============================] - 0s 145us/step - loss: 0.1047
Epoch 1/1

  32/2876 [..............................] - ETA: 0s - loss: 1.9286e-04
 352/2876 [==>...........................] - ETA: 0s - loss: 0.0917    
 704/2876 [======>.......................] - ETA: 0s - loss: 0.1075
1056/2876 [==========>...................] - ETA: 0s - loss: 0.0989
1440/2876 [==============>...............] - ETA: 0s - loss: 0.0702
1856/2876 [==================>...........] - ETA: 0s - loss: 0.0314
2240/2876 [======================>.......] - ETA: 0s - loss: 0.0164
2624/2876 [==========================>...] - ETA: 0s - loss: 0.0234
2876/2876 [==============================] - 0s 142us/step - loss: 0.0110
iteration 8, elapsed time: 0:02:49, score: 0.0, best: 0.0
Epoch 1/1

  32/4336 [..............................] - ETA: 0s - loss: -0.3266
 352/4336 [=>............................] - ETA: 0s - loss: -0.0857
 704/4336 [===>..........................] - ETA: 0s - loss: -0.0335
1056/4336 [======>.......................] - ETA: 0s - loss: 0.0502 
1440/4336 [========>.....................] - ETA: 0s - loss: 0.0801
1824/4336 [===========>..................] - ETA: 0s - loss: 0.0833
2208/4336 [==============>...............] - ETA: 0s - loss: 0.0774
2624/4336 [=================>............] - ETA: 0s - loss: 0.0647
3040/4336 [====================>.........] - ETA: 0s - loss: 0.0733
3392/4336 [======================>.......] - ETA: 0s - loss: 0.0768
3744/4336 [========================>.....] - ETA: 0s - loss: 0.0527
4128/4336 [===========================>..] - ETA: 0s - loss: 0.0501
4336/4336 [==============================] - 1s 145us/step - loss: 0.0529
Epoch 1/1

  32/3233 [..............................] - ETA: 0s - loss: 0.1911
 352/3233 [==>...........................] - ETA: 0s - loss: 0.0101
 704/3233 [=====>........................] - ETA: 0s - loss: 0.0271
1056/3233 [========>.....................] - ETA: 0s - loss: 0.0370
1440/3233 [============>.................] - ETA: 0s - loss: 0.0699
1824/3233 [===============>..............] - ETA: 0s - loss: 0.0468
2208/3233 [===================>..........] - ETA: 0s - loss: 0.0265
2624/3233 [=======================>......] - ETA: 0s - loss: 0.0318
3040/3233 [===========================>..] - ETA: 0s - loss: 0.0255
3233/3233 [==============================] - 0s 141us/step - loss: 0.0433
iteration 10, elapsed time: 0:03:48, score: 0.0, best: 0.0
Epoch 1/1

  32/3187 [..............................] - ETA: 0s - loss: 0.1939
 384/3187 [==>...........................] - ETA: 0s - loss: 0.1619
 768/3187 [======>.......................] - ETA: 0s - loss: 0.1389
1152/3187 [=========>....................] - ETA: 0s - loss: 0.0568
1536/3187 [=============>................] - ETA: 0s - loss: 0.0600
1920/3187 [=================>............] - ETA: 0s - loss: 0.0722
2336/3187 [====================>.........] - ETA: 0s - loss: 0.0779
2688/3187 [========================>.....] - ETA: 0s - loss: 0.0628
3040/3187 [===========================>..] - ETA: 0s - loss: 0.0569
3187/3187 [==============================] - 0s 143us/step - loss: 0.0495
Epoch 1/1

  32/3335 [..............................] - ETA: 0s - loss: 0.3633
 352/3335 [==>...........................] - ETA: 0s - loss: 0.0530
 704/3335 [=====>........................] - ETA: 0s - loss: 0.1128
1088/3335 [========>.....................] - ETA: 0s - loss: 0.0694
1440/3335 [===========>..................] - ETA: 0s - loss: 0.0719
1792/3335 [===============>..............] - ETA: 0s - loss: 0.0744
2144/3335 [==================>...........] - ETA: 0s - loss: 0.0858
2528/3335 [=====================>........] - ETA: 0s - loss: 0.0766
2880/3335 [========================>.....] - ETA: 0s - loss: 0.0717
3264/3335 [============================>.] - ETA: 0s - loss: 0.0679
3335/3335 [==============================] - 0s 147us/step - loss: 0.0676
iteration 12, elapsed time: 0:04:38, score: 0.0, best: 0.0
Epoch 1/1

  32/3744 [..............................] - ETA: 0s - loss: -0.1977
 352/3744 [=>............................] - ETA: 0s - loss: 0.1903 
 704/3744 [====>.........................] - ETA: 0s - loss: 0.2028
1056/3744 [=======>......................] - ETA: 0s - loss: 0.1559
1440/3744 [==========>...................] - ETA: 0s - loss: 0.1230
1856/3744 [=============>................] - ETA: 0s - loss: 0.1172
2208/3744 [================>.............] - ETA: 0s - loss: 0.0878
2592/3744 [===================>..........] - ETA: 0s - loss: 0.0858
2976/3744 [======================>.......] - ETA: 0s - loss: 0.0963
3360/3744 [=========================>....] - ETA: 0s - loss: 0.0994
3744/3744 [==============================] - 1s 140us/step - loss: 0.1009
Epoch 1/1

  32/3350 [..............................] - ETA: 0s - loss: -0.1305
 384/3350 [==>...........................] - ETA: 0s - loss: 0.0751 
 768/3350 [=====>........................] - ETA: 0s - loss: 0.0922
1152/3350 [=========>....................] - ETA: 0s - loss: 0.0989
1536/3350 [============>.................] - ETA: 0s - loss: 0.0897
1888/3350 [===============>..............] - ETA: 0s - loss: 0.1134
2272/3350 [===================>..........] - ETA: 0s - loss: 0.1133
2656/3350 [======================>.......] - ETA: 0s - loss: 0.1236
3040/3350 [==========================>...] - ETA: 0s - loss: 0.1314
3350/3350 [==============================] - 0s 143us/step - loss: 0.1257
iteration 14, elapsed time: 0:05:35, score: 0.0, best: 0.0
Epoch 1/1

  32/2782 [..............................] - ETA: 0s - loss: 0.1070
 352/2782 [==>...........................] - ETA: 0s - loss: 0.2064
 672/2782 [======>.......................] - ETA: 0s - loss: 0.0445
1024/2782 [==========>...................] - ETA: 0s - loss: 0.0560
1408/2782 [==============>...............] - ETA: 0s - loss: 0.1204
1760/2782 [=================>............] - ETA: 0s - loss: 0.1122
2112/2782 [=====================>........] - ETA: 0s - loss: 0.1124
2496/2782 [=========================>....] - ETA: 0s - loss: 0.1104
2782/2782 [==============================] - 0s 150us/step - loss: 0.1077
Epoch 1/1

  32/5167 [..............................] - ETA: 1s - loss: 0.0039
 384/5167 [=>............................] - ETA: 0s - loss: 0.1435
 768/5167 [===>..........................] - ETA: 0s - loss: 0.1016
1120/5167 [=====>........................] - ETA: 0s - loss: 0.1235
1472/5167 [=======>......................] - ETA: 0s - loss: 0.1319
1856/5167 [=========>....................] - ETA: 0s - loss: 0.1134
2240/5167 [============>.................] - ETA: 0s - loss: 0.0999
2624/5167 [==============>...............] - ETA: 0s - loss: 0.0924
3008/5167 [================>.............] - ETA: 0s - loss: 0.0975
3392/5167 [==================>...........] - ETA: 0s - loss: 0.0878
3808/5167 [=====================>........] - ETA: 0s - loss: 0.1014
4192/5167 [=======================>......] - ETA: 0s - loss: 0.1030
4576/5167 [=========================>....] - ETA: 0s - loss: 0.1026
4960/5167 [===========================>..] - ETA: 0s - loss: 0.1016
5167/5167 [==============================] - 1s 140us/step - loss: 0.1020
iteration 16, elapsed time: 0:06:34, score: 0.0, best: 0.0
Epoch 1/1

  32/2677 [..............................] - ETA: 0s - loss: -6.0736e-04
 352/2677 [==>...........................] - ETA: 0s - loss: 0.1639     
 704/2677 [======>.......................] - ETA: 0s - loss: 0.1461
1088/2677 [===========>..................] - ETA: 0s - loss: 0.1592
1472/2677 [===============>..............] - ETA: 0s - loss: 0.1340
1856/2677 [===================>..........] - ETA: 0s - loss: 0.1543
2272/2677 [========================>.....] - ETA: 0s - loss: 0.1337
2656/2677 [============================>.] - ETA: 0s - loss: 0.1208
2677/2677 [==============================] - 0s 143us/step - loss: 0.1234
Epoch 1/1

  32/2534 [..............................] - ETA: 0s - loss: -0.3596
 352/2534 [===>..........................] - ETA: 0s - loss: -0.0697
 672/2534 [======>.......................] - ETA: 0s - loss: 0.0093 
1024/2534 [===========>..................] - ETA: 0s - loss: 0.0600
1408/2534 [===============>..............] - ETA: 0s - loss: 0.1442
1792/2534 [====================>.........] - ETA: 0s - loss: 0.1333
2176/2534 [========================>.....] - ETA: 0s - loss: 0.1206
2534/2534 [==============================] - 0s 146us/step - loss: 0.1185
iteration 18, elapsed time: 0:07:18, score: 0.0, best: 0.0
Epoch 1/1

  32/3362 [..............................] - ETA: 1s - loss: 0.5710
 352/3362 [==>...........................] - ETA: 0s - loss: 0.1806
 704/3362 [=====>........................] - ETA: 0s - loss: 0.2267
1088/3362 [========>.....................] - ETA: 0s - loss: 0.2366
1472/3362 [============>.................] - ETA: 0s - loss: 0.2492
1856/3362 [===============>..............] - ETA: 0s - loss: 0.1960
2240/3362 [==================>...........] - ETA: 0s - loss: 0.1946
2624/3362 [======================>.......] - ETA: 0s - loss: 0.2120
3008/3362 [=========================>....] - ETA: 0s - loss: 0.1837
3362/3362 [==============================] - 0s 144us/step - loss: 0.1802
Epoch 1/1

  32/3206 [..............................] - ETA: 0s - loss: -0.1406
 384/3206 [==>...........................] - ETA: 0s - loss: 0.2769 
 736/3206 [=====>........................] - ETA: 0s - loss: 0.2629
1120/3206 [=========>....................] - ETA: 0s - loss: 0.2475
1536/3206 [=============>................] - ETA: 0s - loss: 0.2113
1952/3206 [=================>............] - ETA: 0s - loss: 0.2075
2336/3206 [====================>.........] - ETA: 0s - loss: 0.1780
2720/3206 [========================>.....] - ETA: 0s - loss: 0.2012
3104/3206 [============================>.] - ETA: 0s - loss: 0.1639
3206/3206 [==============================] - 0s 137us/step - loss: 0.1567
iteration 20, elapsed time: 0:08:38, score: 0.0, best: 0.0
Epoch 1/1

   32/15727 [..............................] - ETA: 4s - loss: -0.1588
  320/15727 [..............................] - ETA: 2s - loss: -0.0315
  640/15727 [>.............................] - ETA: 2s - loss: 0.0161 
  992/15727 [>.............................] - ETA: 2s - loss: 0.0037
 1376/15727 [=>............................] - ETA: 2s - loss: 0.0047
 1760/15727 [==>...........................] - ETA: 2s - loss: 0.0312
 2144/15727 [===>..........................] - ETA: 2s - loss: 0.0204
 2528/15727 [===>..........................] - ETA: 1s - loss: 0.0175
 2912/15727 [====>.........................] - ETA: 1s - loss: 0.0217
 3296/15727 [=====>........................] - ETA: 1s - loss: 0.0161
 3680/15727 [======>.......................] - ETA: 1s - loss: 0.0058
 4064/15727 [======>.......................] - ETA: 1s - loss: 0.0025
 4448/15727 [=======>......................] - ETA: 1s - loss: 0.0029
 4864/15727 [========>.....................] - ETA: 1s - loss: 0.0238
 5280/15727 [=========>....................] - ETA: 1s - loss: 0.0290
 5664/15727 [=========>....................] - ETA: 1s - loss: 0.0272
 6048/15727 [==========>...................] - ETA: 1s - loss: 0.0281
 6432/15727 [===========>..................] - ETA: 1s - loss: 0.0259
 6816/15727 [============>.................] - ETA: 1s - loss: 0.0282
 7200/15727 [============>.................] - ETA: 1s - loss: 0.0260
 7552/15727 [=============>................] - ETA: 1s - loss: 0.0359
 7936/15727 [==============>...............] - ETA: 1s - loss: 0.0330
 8320/15727 [==============>...............] - ETA: 1s - loss: 0.0364
 8704/15727 [===============>..............] - ETA: 0s - loss: 0.0377
 9088/15727 [================>.............] - ETA: 0s - loss: 0.0478
 9408/15727 [================>.............] - ETA: 0s - loss: 0.0451
 9760/15727 [=================>............] - ETA: 0s - loss: 0.0433
10144/15727 [==================>...........] - ETA: 0s - loss: 0.0395
10528/15727 [===================>..........] - ETA: 0s - loss: 0.0393
10912/15727 [===================>..........] - ETA: 0s - loss: 0.0369
11296/15727 [====================>.........] - ETA: 0s - loss: 0.0337
11712/15727 [=====================>........] - ETA: 0s - loss: 0.0329
12096/15727 [======================>.......] - ETA: 0s - loss: 0.0322
12480/15727 [======================>.......] - ETA: 0s - loss: 0.0292
12864/15727 [=======================>......] - ETA: 0s - loss: 0.0296
13216/15727 [========================>.....] - ETA: 0s - loss: 0.0320
13568/15727 [========================>.....] - ETA: 0s - loss: 0.0329
13952/15727 [=========================>....] - ETA: 0s - loss: 0.0317
14336/15727 [==========================>...] - ETA: 0s - loss: 0.0309
14720/15727 [===========================>..] - ETA: 0s - loss: 0.0303
15072/15727 [===========================>..] - ETA: 0s - loss: 0.0287
15456/15727 [============================>.] - ETA: 0s - loss: 0.0283
15727/15727 [==============================] - 2s 139us/step - loss: 0.0293
Epoch 1/1

  32/4731 [..............................] - ETA: 1s - loss: -0.1224
 352/4731 [=>............................] - ETA: 0s - loss: 0.0527 
 704/4731 [===>..........................] - ETA: 0s - loss: 0.0572
1056/4731 [=====>........................] - ETA: 0s - loss: 0.0449
1440/4731 [========>.....................] - ETA: 0s - loss: 0.0741
1824/4731 [==========>...................] - ETA: 0s - loss: 0.0671
2208/4731 [=============>................] - ETA: 0s - loss: 0.0801
2592/4731 [===============>..............] - ETA: 0s - loss: 0.0691
2944/4731 [=================>............] - ETA: 0s - loss: 0.0830
3328/4731 [====================>.........] - ETA: 0s - loss: 0.0869
3712/4731 [======================>.......] - ETA: 0s - loss: 0.0934
4096/4731 [========================>.....] - ETA: 0s - loss: 0.1001
4512/4731 [===========================>..] - ETA: 0s - loss: 0.1005
4731/4731 [==============================] - 1s 143us/step - loss: 0.1052
iteration 22, elapsed time: 0:11:01, score: 0.0, best: 0.0
Epoch 1/1

  32/3276 [..............................] - ETA: 0s - loss: -0.2817
 384/3276 [==>...........................] - ETA: 0s - loss: 0.1619 
 768/3276 [======>.......................] - ETA: 0s - loss: 0.1852
1152/3276 [=========>....................] - ETA: 0s - loss: 0.1905
1568/3276 [=============>................] - ETA: 0s - loss: 0.1823
1952/3276 [================>.............] - ETA: 0s - loss: 0.1498
2368/3276 [====================>.........] - ETA: 0s - loss: 0.1385
2752/3276 [========================>.....] - ETA: 0s - loss: 0.1549
3136/3276 [===========================>..] - ETA: 0s - loss: 0.1642
3276/3276 [==============================] - 0s 136us/step - loss: 0.1601
Epoch 1/1

  32/5108 [..............................] - ETA: 1s - loss: 0.2770
 384/5108 [=>............................] - ETA: 0s - loss: 0.1077
 736/5108 [===>..........................] - ETA: 0s - loss: 0.1459
1088/5108 [=====>........................] - ETA: 0s - loss: 0.1147
1440/5108 [=======>......................] - ETA: 0s - loss: 0.0822
1824/5108 [=========>....................] - ETA: 0s - loss: 0.0861
2208/5108 [===========>..................] - ETA: 0s - loss: 0.1204
2592/5108 [==============>...............] - ETA: 0s - loss: 0.1137
2976/5108 [================>.............] - ETA: 0s - loss: 0.1306
3360/5108 [==================>...........] - ETA: 0s - loss: 0.1293
3744/5108 [====================>.........] - ETA: 0s - loss: 0.1426
4128/5108 [=======================>......] - ETA: 0s - loss: 0.1466
4512/5108 [=========================>....] - ETA: 0s - loss: 0.1461
4896/5108 [===========================>..] - ETA: 0s - loss: 0.1438
5108/5108 [==============================] - 1s 142us/step - loss: 0.1433
iteration 24, elapsed time: 0:12:06, score: 0.0, best: 0.0
Epoch 1/1

  32/2453 [..............................] - ETA: 0s - loss: 0.5639
 384/2453 [===>..........................] - ETA: 0s - loss: 0.0549
 768/2453 [========>.....................] - ETA: 0s - loss: 0.0644
1152/2453 [=============>................] - ETA: 0s - loss: 0.1145
1536/2453 [=================>............] - ETA: 0s - loss: 0.0994
1920/2453 [======================>.......] - ETA: 0s - loss: 0.0975
2336/2453 [===========================>..] - ETA: 0s - loss: 0.0983
2453/2453 [==============================] - 0s 137us/step - loss: 0.1132
Epoch 1/1

   32/11162 [..............................] - ETA: 2s - loss: -0.0642
  384/11162 [>.............................] - ETA: 1s - loss: 0.1534 
  736/11162 [>.............................] - ETA: 1s - loss: 0.1450
 1088/11162 [=>............................] - ETA: 1s - loss: 0.1027
 1440/11162 [==>...........................] - ETA: 1s - loss: 0.1283
 1824/11162 [===>..........................] - ETA: 1s - loss: 0.1686
 2240/11162 [=====>........................] - ETA: 1s - loss: 0.1381
 2624/11162 [======>.......................] - ETA: 1s - loss: 0.1288
 3008/11162 [=======>......................] - ETA: 1s - loss: 0.1347
 3392/11162 [========>.....................] - ETA: 1s - loss: 0.1280
 3776/11162 [=========>....................] - ETA: 1s - loss: 0.1174
 4128/11162 [==========>...................] - ETA: 0s - loss: 0.1242
 4512/11162 [===========>..................] - ETA: 0s - loss: 0.1128
 4864/11162 [============>.................] - ETA: 0s - loss: 0.1223
 5216/11162 [=============>................] - ETA: 0s - loss: 0.1168
 5568/11162 [=============>................] - ETA: 0s - loss: 0.1121
 5952/11162 [==============>...............] - ETA: 0s - loss: 0.1016
 6336/11162 [================>.............] - ETA: 0s - loss: 0.0971
 6720/11162 [=================>............] - ETA: 0s - loss: 0.1009
 7104/11162 [==================>...........] - ETA: 0s - loss: 0.1000
 7488/11162 [===================>..........] - ETA: 0s - loss: 0.0950
 7840/11162 [====================>.........] - ETA: 0s - loss: 0.0921
 8224/11162 [=====================>........] - ETA: 0s - loss: 0.0913
 8608/11162 [======================>.......] - ETA: 0s - loss: 0.0907
 8960/11162 [=======================>......] - ETA: 0s - loss: 0.0907
 9312/11162 [========================>.....] - ETA: 0s - loss: 0.0882
 9728/11162 [=========================>....] - ETA: 0s - loss: 0.0920
10112/11162 [==========================>...] - ETA: 0s - loss: 0.0930
10496/11162 [===========================>..] - ETA: 0s - loss: 0.0870
10848/11162 [============================>.] - ETA: 0s - loss: 0.0916
11162/11162 [==============================] - 2s 142us/step - loss: 0.0907
iteration 26, elapsed time: 0:13:44, score: 0.0, best: 0.0
Epoch 1/1

  32/2558 [..............................] - ETA: 0s - loss: 0.0718
 384/2558 [===>..........................] - ETA: 0s - loss: 0.0286
 768/2558 [========>.....................] - ETA: 0s - loss: -0.0119
1184/2558 [============>.................] - ETA: 0s - loss: -0.0348
1568/2558 [=================>............] - ETA: 0s - loss: -0.0340
1952/2558 [=====================>........] - ETA: 0s - loss: -0.0178
2304/2558 [==========================>...] - ETA: 0s - loss: -0.0014
2558/2558 [==============================] - 0s 140us/step - loss: 0.0093
Epoch 1/1

  32/8960 [..............................] - ETA: 2s - loss: 0.6245
 320/8960 [>.............................] - ETA: 1s - loss: -0.0071
 672/8960 [=>............................] - ETA: 1s - loss: 0.0236 
1056/8960 [==>...........................] - ETA: 1s - loss: 0.0526
1408/8960 [===>..........................] - ETA: 1s - loss: 0.0528
1792/8960 [=====>........................] - ETA: 1s - loss: 0.0576
2176/8960 [======>.......................] - ETA: 1s - loss: 0.0581
2592/8960 [=======>......................] - ETA: 0s - loss: 0.0593
2944/8960 [========>.....................] - ETA: 0s - loss: 0.0647
3328/8960 [==========>...................] - ETA: 0s - loss: 0.0533
3744/8960 [===========>..................] - ETA: 0s - loss: 0.0394
4128/8960 [============>.................] - ETA: 0s - loss: 0.0260
4544/8960 [==============>...............] - ETA: 0s - loss: 0.0391
4960/8960 [===============>..............] - ETA: 0s - loss: 0.0407
5344/8960 [================>.............] - ETA: 0s - loss: 0.0321
5728/8960 [==================>...........] - ETA: 0s - loss: 0.0271
6112/8960 [===================>..........] - ETA: 0s - loss: 0.0314
6496/8960 [====================>.........] - ETA: 0s - loss: 0.0416
6848/8960 [=====================>........] - ETA: 0s - loss: 0.0422
7232/8960 [=======================>......] - ETA: 0s - loss: 0.0410
7616/8960 [========================>.....] - ETA: 0s - loss: 0.0379
8032/8960 [=========================>....] - ETA: 0s - loss: 0.0420
8416/8960 [===========================>..] - ETA: 0s - loss: 0.0410
8800/8960 [============================>.] - ETA: 0s - loss: 0.0469
8960/8960 [==============================] - 1s 138us/step - loss: 0.0450
iteration 28, elapsed time: 0:15:38, score: 0.0, best: 0.0
Epoch 1/1

  32/9516 [..............................] - ETA: 2s - loss: -0.0946
 352/9516 [>.............................] - ETA: 1s - loss: -0.0687
 704/9516 [=>............................] - ETA: 1s - loss: -0.0579
1088/9516 [==>...........................] - ETA: 1s - loss: -0.0077
1440/9516 [===>..........................] - ETA: 1s - loss: -0.0092
1824/9516 [====>.........................] - ETA: 1s - loss: -0.0197
2208/9516 [=====>........................] - ETA: 1s - loss: -0.0045
2592/9516 [=======>......................] - ETA: 0s - loss: 0.0042 
3008/9516 [========>.....................] - ETA: 0s - loss: 0.0139
3424/9516 [=========>....................] - ETA: 0s - loss: 0.0111
3808/9516 [===========>..................] - ETA: 0s - loss: 0.0119
4224/9516 [============>.................] - ETA: 0s - loss: 0.0122
4608/9516 [=============>................] - ETA: 0s - loss: 0.0057
5024/9516 [==============>...............] - ETA: 0s - loss: 0.0222
5408/9516 [================>.............] - ETA: 0s - loss: 0.0168
5792/9516 [=================>............] - ETA: 0s - loss: 0.0136
6176/9516 [==================>...........] - ETA: 0s - loss: 0.0156
6592/9516 [===================>..........] - ETA: 0s - loss: 0.0261
7008/9516 [=====================>........] - ETA: 0s - loss: 0.0339
7424/9516 [======================>.......] - ETA: 0s - loss: 0.0347
7808/9516 [=======================>......] - ETA: 0s - loss: 0.0355
8192/9516 [========================>.....] - ETA: 0s - loss: 0.0340
8576/9516 [==========================>...] - ETA: 0s - loss: 0.0325
8960/9516 [===========================>..] - ETA: 0s - loss: 0.0377
9344/9516 [============================>.] - ETA: 0s - loss: 0.0355
9516/9516 [==============================] - 1s 136us/step - loss: 0.0348
